<?xml version="1.0" encoding="UTF-8"?>
<testng-results skipped="0" failed="0" ignored="0" total="1" passed="1">
  <reporter-output>
  </reporter-output>
  <suite name="Suite" duration-ms="318" started-at="2022-12-19T10:10:20 IST" finished-at="2022-12-19T10:10:21 IST">
    <groups>
    </groups>
    <test name="Test" duration-ms="318" started-at="2022-12-19T10:10:20 IST" finished-at="2022-12-19T10:10:21 IST">
      <class name="testcases.LoginTest">
        <test-method status="PASS" signature="setUp()[pri:0, instance:testcases.LoginTest@2bbf4b8b]" name="setUp" is-config="true" duration-ms="4523" started-at="2022-12-19T10:10:16 IST" finished-at="2022-12-19T10:10:20 IST">
          <reporter-output>
          </reporter-output>
        </test-method> <!-- setUp -->
        <test-method status="PASS" signature="login()[pri:0, instance:testcases.LoginTest@2bbf4b8b]" name="login" duration-ms="285" started-at="2022-12-19T10:10:20 IST" finished-at="2022-12-19T10:10:21 IST">
          <reporter-output>
          </reporter-output>
        </test-method> <!-- login -->
        <test-method status="PASS" signature="tearDown()[pri:0, instance:testcases.LoginTest@2bbf4b8b]" name="tearDown" is-config="true" duration-ms="663" started-at="2022-12-19T10:10:21 IST" finished-at="2022-12-19T10:10:21 IST">
          <reporter-output>
          </reporter-output>
        </test-method> <!-- tearDown -->
      </class> <!-- testcases.LoginTest -->
    </test> <!-- Test -->
  </suite> <!-- Suite -->
</testng-results>
